<?xml version="1.0" encoding="UTF-8"?>
<!-- Generated by org.testng.reporters.JUnitReportReporter -->
<testsuite hostname="LAPTOP-FOMJMEG3" failures="0" tests="1" name="com.herokuapp.theinternet.Exceptions" time="13.237" errors="0" timestamp="2023-04-13T12:41:50 IST" skipped="0">
  <testcase classname="com.herokuapp.theinternet.Exceptions" name="timeoutExceptionTest" time="13.237"/>
  <system-out/>
</testsuite> <!-- com.herokuapp.theinternet.Exceptions -->
