<?xml version="1.0" encoding="UTF-8"?>
<!-- Generated by org.testng.reporters.JUnitReportReporter -->
<testsuite hostname="LAPTOP-FOMJMEG3" failures="0" tests="2" name="com.herokuapp.theinternet.NegativeTest" time="18.579" errors="0" timestamp="2023-04-09T12:20:52 IST" skipped="0">
  <testcase classname="com.herokuapp.theinternet.NegativeTest" name="negativeLoginTest" time="10.293"/>
  <system-out/>
  <testcase classname="com.herokuapp.theinternet.NegativeTest" name="negativeLoginTest" time="8.286"/>
  <system-out/>
</testsuite> <!-- com.herokuapp.theinternet.NegativeTest -->
